DEBUG:paramiko.transport:starting thread (client mode): 0x6e22c7d0
DEBUG:paramiko.transport:Local version/idstring: SSH-2.0-paramiko_3.4.0
DEBUG:paramiko.transport:Remote version/idstring: SSH-1.99-Cisco-1.25
INFO:paramiko.transport:Connected (version 1.99, client Cisco-1.25)
DEBUG:paramiko.transport:=== Key exchange possibilities ===
DEBUG:paramiko.transport:kex algos: diffie-hellman-group-exchange-sha1, diffie-hellman-group14-sha1
DEBUG:paramiko.transport:server key: ssh-rsa
DEBUG:paramiko.transport:client encrypt: aes128-ctr, aes192-ctr, aes256-ctr
DEBUG:paramiko.transport:server encrypt: aes128-ctr, aes192-ctr, aes256-ctr
DEBUG:paramiko.transport:client mac: hmac-sha2-256, hmac-sha2-512, hmac-sha1, hmac-sha1-96
DEBUG:paramiko.transport:server mac: hmac-sha2-256, hmac-sha2-512, hmac-sha1, hmac-sha1-96
DEBUG:paramiko.transport:client compress: none
DEBUG:paramiko.transport:server compress: none
DEBUG:paramiko.transport:client lang: <none>
DEBUG:paramiko.transport:server lang: <none>
DEBUG:paramiko.transport:kex follows: False
DEBUG:paramiko.transport:=== Key exchange agreements ===
DEBUG:paramiko.transport:Kex: diffie-hellman-group-exchange-sha1
DEBUG:paramiko.transport:HostKey: ssh-rsa
DEBUG:paramiko.transport:Cipher: aes128-ctr
DEBUG:paramiko.transport:MAC: hmac-sha2-256
DEBUG:paramiko.transport:Compression: none
DEBUG:paramiko.transport:=== End of kex handshake ===
DEBUG:paramiko.transport:Got server p (2048 bits)
DEBUG:paramiko.transport:kex engine KexGex specified hash_algo <built-in function openssl_sha1>
DEBUG:paramiko.transport:Switch to new keys ...
DEBUG:paramiko.transport:Adding ssh-rsa host key for 192.168.1.2: b'dca6887a3ebdd9904e6ff68205357727'
DEBUG:paramiko.transport:userauth is OK
INFO:paramiko.transport:Authentication (password) successful!
DEBUG:paramiko.transport:[chan 0] Max packet in: 32768 bytes
DEBUG:paramiko.transport:[chan 0] Max packet out: 4096 bytes
DEBUG:paramiko.transport:Secsh channel 0 opened.
DEBUG:paramiko.transport:[chan 0] Sesch channel 0 request ok
DEBUG:paramiko.transport:[chan 0] Sesch channel 0 request ok
DEBUG:netmiko:write_channel: b'\n'
DEBUG:netmiko:write_channel: b'terminal width 511\n'
DEBUG:netmiko:read_channel: 
LAB#
LAB#
DEBUG:netmiko:read_channel: 
DEBUG:netmiko:read_channel: terminal width 511
LAB#
DEBUG:netmiko:Pattern found: (terminal width 511) 
LAB#
LAB#terminal width 511
DEBUG:netmiko:In disable_paging
DEBUG:netmiko:Command: terminal length 0

DEBUG:netmiko:write_channel: b'terminal length 0\n'
DEBUG:netmiko:read_channel: 
DEBUG:netmiko:read_channel: terminal length 0
LAB#
DEBUG:netmiko:Pattern found: (terminal\ length\ 0) 
LAB#terminal length 0
DEBUG:netmiko:
LAB#terminal length 0
DEBUG:netmiko:Exiting disable_paging
DEBUG:netmiko:read_channel: 
DEBUG:netmiko:Clear buffer detects data in the channel
DEBUG:netmiko:read_channel: 
DEBUG:netmiko:write_channel: b'\n'
DEBUG:netmiko:read_channel: 
DEBUG:netmiko:read_channel: 
LAB#
DEBUG:netmiko:
Parenthesis found in pattern.

pattern: (\#|>)


This can be problemtic when used in read_until_pattern().

You should ensure that you use either non-capture groups i.e. '(?:' or that the
parenthesis completely wrap the pattern '(pattern)'
DEBUG:netmiko:Pattern found: (\#|>) 
LAB#
DEBUG:netmiko:read_channel: 
DEBUG:netmiko:[find_prompt()]: prompt is LAB#
DEBUG:netmiko:write_channel: b'\n'
DEBUG:netmiko:read_channel: 
DEBUG:netmiko:read_channel: 
LAB#
DEBUG:netmiko:Pattern found: (LAB.*) 
LAB#
DEBUG:netmiko:write_channel: b'\n'
DEBUG:netmiko:read_channel: 
DEBUG:netmiko:read_channel: 
LAB#
DEBUG:netmiko:Pattern found: ([>#]) 
LAB#
DEBUG:netmiko:write_channel: b'configure terminal\n'
DEBUG:netmiko:read_channel: 
DEBUG:netmiko:read_channel: configure terminal
Enter configuration commands, one per line.  End with CNTL/Z.
LAB(config)#
DEBUG:netmiko:Pattern found: (configure\ terminal) configure terminal
DEBUG:netmiko:read_channel: 
DEBUG:netmiko:Pattern found: (LAB.*) 
Enter configuration commands, one per line.  End with CNTL/Z.
LAB(config)#
DEBUG:netmiko:write_channel: b'\n'
DEBUG:netmiko:read_channel: 
DEBUG:netmiko:read_channel: 
LAB(config)#
DEBUG:netmiko:Pattern found: ([>#]) 
LAB(config)#
DEBUG:netmiko:write_channel: b'\n'
DEBUG:netmiko:read_channel: 
DEBUG:netmiko:read_channel: 
LAB(config)#
DEBUG:netmiko:Pattern found: ([>#]) 
LAB(config)#
DEBUG:netmiko:write_channel: b'interface gi1/0/1\n'
DEBUG:netmiko:read_channel: 
DEBUG:netmiko:read_channel: 
DEBUG:netmiko:read_channel: interf
DEBUG:netmiko:read_channel: 
DEBUG:netmiko:read_channel: ace gi1/0/1
LAB(config-if)#
DEBUG:netmiko:Pattern found: (interface\ gi1/0/1) interface gi1/0/1
DEBUG:netmiko:read_channel: 
DEBUG:netmiko:Pattern found: ((?:LAB.*$|#.*$)) 
LAB(config-if)#
DEBUG:netmiko:write_channel: b'shutdown\n'
DEBUG:netmiko:read_channel: 
DEBUG:netmiko:read_channel: shutdown
LAB(config-if)#
DEBUG:netmiko:Pattern found: (shutdown) shutdown
DEBUG:netmiko:read_channel: 
DEBUG:netmiko:Pattern found: ((?:LAB.*$|#.*$)) 
LAB(config-if)#
DEBUG:netmiko:write_channel: b'no shutdown\n'
DEBUG:netmiko:read_channel: 
DEBUG:netmiko:read_channel: no shutdown
LAB(config-if)#
DEBUG:netmiko:Pattern found: (no\ shutdown) no shutdown
DEBUG:netmiko:read_channel: 
DEBUG:netmiko:Pattern found: ((?:LAB.*$|#.*$)) 
LAB(config-if)#
DEBUG:netmiko:write_channel: b'end\n'
DEBUG:netmiko:read_channel: 
DEBUG:netmiko:read_channel: end
LAB#
DEBUG:netmiko:Pattern found: (end) end
DEBUG:netmiko:read_channel: 
DEBUG:netmiko:Pattern found: ((?:LAB.*$|#.*$)) 
LAB#
DEBUG:netmiko:write_channel: b'write memory\n'
DEBUG:netmiko:read_channel: 
DEBUG:netmiko:read_channel: 
DEBUG:netmiko:read_channel: 
DEBUG:netmiko:read_channel: 
DEBUG:netmiko:read_channel: 
DEBUG:netmiko:read_channel: 
DEBUG:netmiko:read_channel: w
DEBUG:netmiko:read_channel: 
DEBUG:netmiko:read_channel: r
DEBUG:netmiko:read_channel: 
DEBUG:netmiko:read_channel: i
DEBUG:netmiko:read_channel: 
DEBUG:netmiko:read_channel: 
DEBUG:netmiko:read_channel: 
DEBUG:netmiko:read_channel: 
DEBUG:netmiko:read_channel: 
DEBUG:netmiko:read_channel: t
DEBUG:netmiko:read_channel: 
DEBUG:netmiko:read_channel: e
DEBUG:netmiko:read_channel: 
DEBUG:netmiko:read_channel:  
DEBUG:netmiko:read_channel: 
DEBUG:netmiko:read_channel: m
DEBUG:netmiko:read_channel: e
DEBUG:netmiko:read_channel: 
DEBUG:netmiko:read_channel: mory

DEBUG:netmiko:Pattern found: (write\ memory) write memory
DEBUG:netmiko:read_channel: 
DEBUG:netmiko:read_channel: Building configuration...

DEBUG:netmiko:read_channel: 
DEBUG:netmiko:read_channel: 
DEBUG:netmiko:read_channel: 
DEBUG:netmiko:read_channel: 
DEBUG:netmiko:read_channel: 
DEBUG:netmiko:read_channel: 
DEBUG:netmiko:read_channel: 
DEBUG:netmiko:read_channel: 
DEBUG:netmiko:read_channel: 
DEBUG:netmiko:read_channel: 
DEBUG:netmiko:read_channel: 
DEBUG:netmiko:read_channel: 
DEBUG:netmiko:read_channel: 
DEBUG:netmiko:read_channel: 
DEBUG:netmiko:read_channel: 
DEBUG:netmiko:read_channel: 
DEBUG:netmiko:read_channel: 
DEBUG:netmiko:read_channel: 
DEBUG:netmiko:read_channel: 
DEBUG:netmiko:read_channel: 
DEBUG:netmiko:read_channel: 
DEBUG:netmiko:read_channel: 
DEBUG:netmiko:read_channel: 
DEBUG:netmiko:read_channel: 
DEBUG:netmiko:read_channel: 
DEBUG:netmiko:read_channel: 
DEBUG:netmiko:read_channel: 
DEBUG:netmiko:read_channel: 
DEBUG:netmiko:read_channel: 
DEBUG:netmiko:read_channel: 
DEBUG:netmiko:read_channel: 
DEBUG:netmiko:read_channel: 
DEBUG:netmiko:read_channel: 
DEBUG:netmiko:read_channel: 
DEBUG:netmiko:read_channel: 
DEBUG:netmiko:read_channel: 
DEBUG:netmiko:read_channel: 
DEBUG:netmiko:read_channel: 
DEBUG:netmiko:read_channel: 
DEBUG:netmiko:read_channel: 
DEBUG:netmiko:read_channel: 
DEBUG:netmiko:read_channel: 
DEBUG:netmiko:read_channel: 
DEBUG:netmiko:read_channel: 
DEBUG:netmiko:read_channel: 
DEBUG:netmiko:read_channel: 
DEBUG:netmiko:read_channel: 
DEBUG:netmiko:read_channel: 
DEBUG:netmiko:read_channel: 
DEBUG:netmiko:read_channel: [OK]
LAB#
DEBUG:netmiko:Pattern found: ((?:LAB.*$|#.*$)) 
Building configuration...
[OK]
LAB#
DEBUG:netmiko:write_channel: b'\n'
DEBUG:netmiko:read_channel: 
DEBUG:netmiko:read_channel: 
LAB#
DEBUG:netmiko:Pattern found: ([>#]) 
LAB#
DEBUG:netmiko:exit_config_mode: 
DEBUG:netmiko:interface gi1/0/1
LAB(config-if)#shutdown
LAB(config-if)#no shutdown
LAB(config-if)#end
LAB#write memory
Building configuration...
[OK]
LAB#
DEBUG:netmiko:write_channel: b'\n'
DEBUG:netmiko:read_channel: 
DEBUG:netmiko:read_channel: 
LAB#
DEBUG:netmiko:Pattern found: ([>#]) 
LAB#
DEBUG:netmiko:exit_config_mode: 
DEBUG:netmiko:write_channel: b'\n'
DEBUG:netmiko:read_channel: 
DEBUG:netmiko:read_channel: 
LAB#
DEBUG:netmiko:Pattern found: ([>#]) 
LAB#
DEBUG:netmiko:write_channel: b'exit\n'
DEBUG:paramiko.transport:EOF in transport thread
2024-05-26 00:10:57.350674 : admin : interface gi1/0/1
interface gi1/0/1
LAB(config-if)#shutdown
LAB(config-if)#no shutdown
LAB(config-if)#end
LAB#write memory
Building configuration...
[OK]
LAB#
DEBUG:paramiko.transport:starting thread (client mode): 0x6e280140
DEBUG:paramiko.transport:Local version/idstring: SSH-2.0-paramiko_3.4.0
DEBUG:paramiko.transport:Remote version/idstring: SSH-1.99-Cisco-1.25
INFO:paramiko.transport:Connected (version 1.99, client Cisco-1.25)
DEBUG:paramiko.transport:=== Key exchange possibilities ===
DEBUG:paramiko.transport:kex algos: diffie-hellman-group-exchange-sha1, diffie-hellman-group14-sha1
DEBUG:paramiko.transport:server key: ssh-rsa
DEBUG:paramiko.transport:client encrypt: aes128-ctr, aes192-ctr, aes256-ctr
DEBUG:paramiko.transport:server encrypt: aes128-ctr, aes192-ctr, aes256-ctr
DEBUG:paramiko.transport:client mac: hmac-sha2-256, hmac-sha2-512, hmac-sha1, hmac-sha1-96
DEBUG:paramiko.transport:server mac: hmac-sha2-256, hmac-sha2-512, hmac-sha1, hmac-sha1-96
DEBUG:paramiko.transport:client compress: none
DEBUG:paramiko.transport:server compress: none
DEBUG:paramiko.transport:client lang: <none>
DEBUG:paramiko.transport:server lang: <none>
DEBUG:paramiko.transport:kex follows: False
DEBUG:paramiko.transport:=== Key exchange agreements ===
DEBUG:paramiko.transport:Kex: diffie-hellman-group-exchange-sha1
DEBUG:paramiko.transport:HostKey: ssh-rsa
DEBUG:paramiko.transport:Cipher: aes128-ctr
DEBUG:paramiko.transport:MAC: hmac-sha2-256
DEBUG:paramiko.transport:Compression: none
DEBUG:paramiko.transport:=== End of kex handshake ===
DEBUG:paramiko.transport:Got server p (2048 bits)
DEBUG:paramiko.transport:kex engine KexGex specified hash_algo <built-in function openssl_sha1>
DEBUG:paramiko.transport:Switch to new keys ...
DEBUG:paramiko.transport:Adding ssh-rsa host key for 192.168.1.2: b'dca6887a3ebdd9904e6ff68205357727'
DEBUG:paramiko.transport:userauth is OK
INFO:paramiko.transport:Authentication (password) successful!
DEBUG:paramiko.transport:[chan 0] Max packet in: 32768 bytes
DEBUG:paramiko.transport:[chan 0] Max packet out: 4096 bytes
DEBUG:paramiko.transport:Secsh channel 0 opened.
DEBUG:paramiko.transport:[chan 0] Sesch channel 0 request ok
DEBUG:paramiko.transport:[chan 0] Sesch channel 0 request ok
DEBUG:netmiko:write_channel: b'\n'
DEBUG:netmiko:write_channel: b'terminal width 511\n'
DEBUG:netmiko:read_channel: LAB#
LAB#
DEBUG:netmiko:read_channel: terminal width 511
LAB#
DEBUG:netmiko:Pattern found: (terminal width 511) LAB#
LAB#terminal width 511
DEBUG:netmiko:In disable_paging
DEBUG:netmiko:Command: terminal length 0

DEBUG:netmiko:write_channel: b'terminal length 0\n'
DEBUG:netmiko:read_channel: 
DEBUG:netmiko:read_channel: terminal l
DEBUG:netmiko:read_channel: ength 0
LAB#
DEBUG:netmiko:Pattern found: (terminal\ length\ 0) 
LAB#terminal length 0
DEBUG:netmiko:
LAB#terminal length 0
DEBUG:netmiko:Exiting disable_paging
DEBUG:netmiko:read_channel: 
DEBUG:netmiko:Clear buffer detects data in the channel
DEBUG:netmiko:read_channel: 
DEBUG:netmiko:write_channel: b'\n'
DEBUG:netmiko:read_channel: 
DEBUG:netmiko:read_channel: 
LAB#
DEBUG:netmiko:
Parenthesis found in pattern.

pattern: (\#|>)


This can be problemtic when used in read_until_pattern().

You should ensure that you use either non-capture groups i.e. '(?:' or that the
parenthesis completely wrap the pattern '(pattern)'
DEBUG:netmiko:Pattern found: (\#|>) 
LAB#
DEBUG:netmiko:read_channel: 
DEBUG:netmiko:[find_prompt()]: prompt is LAB#
DEBUG:netmiko:write_channel: b'\n'
DEBUG:netmiko:read_channel: 
DEBUG:netmiko:read_channel: 
LAB#
DEBUG:netmiko:Pattern found: (LAB.*) 
LAB#
DEBUG:netmiko:write_channel: b'\n'
DEBUG:netmiko:read_channel: 
DEBUG:netmiko:read_channel: 
LAB#
DEBUG:netmiko:Pattern found: ([>#]) 
LAB#
DEBUG:netmiko:write_channel: b'configure terminal\n'
DEBUG:netmiko:read_channel: 
DEBUG:netmiko:read_channel: configure terminal
Enter configuration commands, one per line.  End with CNTL/Z.
LAB(config)#
DEBUG:netmiko:Pattern found: (configure\ terminal) configure terminal
DEBUG:netmiko:read_channel: 
DEBUG:netmiko:Pattern found: (LAB.*) 
Enter configuration commands, one per line.  End with CNTL/Z.
LAB(config)#
DEBUG:netmiko:write_channel: b'\n'
DEBUG:netmiko:read_channel: 
DEBUG:netmiko:read_channel: 
LAB(config)#
DEBUG:netmiko:Pattern found: ([>#]) 
LAB(config)#
DEBUG:netmiko:write_channel: b'\n'
DEBUG:netmiko:read_channel: 
DEBUG:netmiko:read_channel: 
LAB(config)#
DEBUG:netmiko:Pattern found: ([>#]) 
LAB(config)#
DEBUG:netmiko:write_channel: b'interface gi1/0/1\n'
DEBUG:netmiko:read_channel: 
DEBUG:netmiko:read_channel: interface gi1/0/1
LAB(config-if)#
DEBUG:netmiko:Pattern found: (interface\ gi1/0/1) interface gi1/0/1
DEBUG:netmiko:read_channel: 
DEBUG:netmiko:Pattern found: ((?:LAB.*$|#.*$)) 
LAB(config-if)#
DEBUG:netmiko:write_channel: b'shutdown\n'
DEBUG:netmiko:read_channel: 
DEBUG:netmiko:read_channel: shutdown
LAB(config-if)#
DEBUG:netmiko:Pattern found: (shutdown) shutdown
DEBUG:netmiko:read_channel: 
DEBUG:netmiko:Pattern found: ((?:LAB.*$|#.*$)) 
LAB(config-if)#
DEBUG:netmiko:write_channel: b'no shutdown\n'
DEBUG:netmiko:read_channel: 
DEBUG:netmiko:read_channel: 
DEBUG:netmiko:read_channel: no shutd
DEBUG:netmiko:read_channel: own
LAB(config-if)#
DEBUG:netmiko:Pattern found: (no\ shutdown) no shutdown
DEBUG:netmiko:read_channel: 
DEBUG:netmiko:Pattern found: ((?:LAB.*$|#.*$)) 
LAB(config-if)#
DEBUG:netmiko:write_channel: b'end\n'
DEBUG:netmiko:read_channel: 
DEBUG:netmiko:read_channel: end
LAB#
DEBUG:netmiko:Pattern found: (end) end
DEBUG:netmiko:read_channel: 
DEBUG:netmiko:Pattern found: ((?:LAB.*$|#.*$)) 
LAB#
DEBUG:netmiko:write_channel: b'write memory\n'
DEBUG:netmiko:read_channel: 
DEBUG:netmiko:read_channel: 
DEBUG:netmiko:read_channel: 
DEBUG:netmiko:read_channel: 
DEBUG:netmiko:read_channel: 
DEBUG:netmiko:read_channel: 
DEBUG:netmiko:read_channel: 
DEBUG:netmiko:read_channel: 
DEBUG:netmiko:read_channel: w
DEBUG:netmiko:read_channel: 
DEBUG:netmiko:read_channel: r
DEBUG:netmiko:read_channel: 
DEBUG:netmiko:read_channel: i
DEBUG:netmiko:read_channel: 
DEBUG:netmiko:read_channel: t
DEBUG:netmiko:read_channel: 
DEBUG:netmiko:read_channel: 
DEBUG:netmiko:read_channel: 
DEBUG:netmiko:read_channel: 
DEBUG:netmiko:read_channel: e
DEBUG:netmiko:read_channel: 
DEBUG:netmiko:read_channel:  
DEBUG:netmiko:read_channel: memory

DEBUG:netmiko:Pattern found: (write\ memory) write memory
DEBUG:netmiko:read_channel: 
DEBUG:netmiko:read_channel: Building configuration...

DEBUG:netmiko:read_channel: 
DEBUG:netmiko:read_channel: 
DEBUG:netmiko:read_channel: 
DEBUG:netmiko:read_channel: 
DEBUG:netmiko:read_channel: 
DEBUG:netmiko:read_channel: 
DEBUG:netmiko:read_channel: 
DEBUG:netmiko:read_channel: 
DEBUG:netmiko:read_channel: 
DEBUG:netmiko:read_channel: 
DEBUG:netmiko:read_channel: 
DEBUG:netmiko:read_channel: 
DEBUG:netmiko:read_channel: 
DEBUG:netmiko:read_channel: 
DEBUG:netmiko:read_channel: 
DEBUG:netmiko:read_channel: 
DEBUG:netmiko:read_channel: 
DEBUG:netmiko:read_channel: 
DEBUG:netmiko:read_channel: 
DEBUG:netmiko:read_channel: 
DEBUG:netmiko:read_channel: 
DEBUG:netmiko:read_channel: 
DEBUG:netmiko:read_channel: 
DEBUG:netmiko:read_channel: 
DEBUG:netmiko:read_channel: 
DEBUG:netmiko:read_channel: 
DEBUG:netmiko:read_channel: 
DEBUG:netmiko:read_channel: 
DEBUG:netmiko:read_channel: 
DEBUG:netmiko:read_channel: 
DEBUG:netmiko:read_channel: 
DEBUG:netmiko:read_channel: 
DEBUG:netmiko:read_channel: 
DEBUG:netmiko:read_channel: 
DEBUG:netmiko:read_channel: 
DEBUG:netmiko:read_channel: 
DEBUG:netmiko:read_channel: 
DEBUG:netmiko:read_channel: 
DEBUG:netmiko:read_channel: 
DEBUG:netmiko:read_channel: 
DEBUG:netmiko:read_channel: 
DEBUG:netmiko:read_channel: 
DEBUG:netmiko:read_channel: [OK]
LAB#
DEBUG:netmiko:Pattern found: ((?:LAB.*$|#.*$)) 
Building configuration...
[OK]
LAB#
DEBUG:netmiko:write_channel: b'\n'
DEBUG:netmiko:read_channel: 
DEBUG:netmiko:read_channel: 
LAB#
DEBUG:netmiko:Pattern found: ([>#]) 
LAB#
DEBUG:netmiko:exit_config_mode: 
DEBUG:netmiko:interface gi1/0/1
LAB(config-if)#shutdown
LAB(config-if)#no shutdown
LAB(config-if)#end
LAB#write memory
Building configuration...
[OK]
LAB#
DEBUG:netmiko:write_channel: b'\n'
DEBUG:netmiko:read_channel: 
DEBUG:netmiko:read_channel: 
LAB#
DEBUG:netmiko:Pattern found: ([>#]) 
LAB#
DEBUG:netmiko:exit_config_mode: 
DEBUG:netmiko:write_channel: b'\n'
DEBUG:netmiko:read_channel: 
DEBUG:netmiko:read_channel: 
LAB#
DEBUG:netmiko:Pattern found: ([>#]) 
LAB#
DEBUG:netmiko:write_channel: b'exit\n'
DEBUG:paramiko.transport:EOF in transport thread
2024-05-26 00:10:59.751832 : admin : interface gi1/0/1
interface gi1/0/1
LAB(config-if)#shutdown
LAB(config-if)#no shutdown
LAB(config-if)#end
LAB#write memory
Building configuration...
[OK]
LAB#
