DEBUG:paramiko.transport:starting thread (client mode): 0x3d137620
DEBUG:paramiko.transport:Local version/idstring: SSH-2.0-paramiko_3.4.0
DEBUG:paramiko.transport:Remote version/idstring: SSH-1.99-Cisco-1.25
INFO:paramiko.transport:Connected (version 1.99, client Cisco-1.25)
DEBUG:paramiko.transport:=== Key exchange possibilities ===
DEBUG:paramiko.transport:kex algos: diffie-hellman-group-exchange-sha1, diffie-hellman-group14-sha1
DEBUG:paramiko.transport:server key: ssh-rsa
DEBUG:paramiko.transport:client encrypt: aes128-ctr, aes192-ctr, aes256-ctr
DEBUG:paramiko.transport:server encrypt: aes128-ctr, aes192-ctr, aes256-ctr
DEBUG:paramiko.transport:client mac: hmac-sha2-256, hmac-sha2-512, hmac-sha1, hmac-sha1-96
DEBUG:paramiko.transport:server mac: hmac-sha2-256, hmac-sha2-512, hmac-sha1, hmac-sha1-96
DEBUG:paramiko.transport:client compress: none
DEBUG:paramiko.transport:server compress: none
DEBUG:paramiko.transport:client lang: <none>
DEBUG:paramiko.transport:server lang: <none>
DEBUG:paramiko.transport:kex follows: False
DEBUG:paramiko.transport:=== Key exchange agreements ===
DEBUG:paramiko.transport:Kex: diffie-hellman-group-exchange-sha1
DEBUG:paramiko.transport:HostKey: ssh-rsa
DEBUG:paramiko.transport:Cipher: aes128-ctr
DEBUG:paramiko.transport:MAC: hmac-sha2-256
DEBUG:paramiko.transport:Compression: none
DEBUG:paramiko.transport:=== End of kex handshake ===
DEBUG:paramiko.transport:Got server p (2048 bits)
DEBUG:paramiko.transport:kex engine KexGex specified hash_algo <built-in function openssl_sha1>
DEBUG:paramiko.transport:Switch to new keys ...
DEBUG:paramiko.transport:Adding ssh-rsa host key for 192.168.1.2: b'dca6887a3ebdd9904e6ff68205357727'
DEBUG:paramiko.transport:userauth is OK
INFO:paramiko.transport:Authentication (password) successful!
DEBUG:paramiko.transport:[chan 0] Max packet in: 32768 bytes
DEBUG:paramiko.transport:[chan 0] Max packet out: 4096 bytes
DEBUG:paramiko.transport:Secsh channel 0 opened.
DEBUG:paramiko.transport:[chan 0] Sesch channel 0 request ok
DEBUG:paramiko.transport:[chan 0] Sesch channel 0 request ok
DEBUG:netmiko:write_channel: b'\n'
DEBUG:netmiko:write_channel: b'terminal width 511\n'
DEBUG:netmiko:read_channel: 
LAB#
LAB#
DEBUG:netmiko:read_channel: terminal width 511
LAB#
DEBUG:netmiko:Pattern found: (terminal width 511) 
LAB#
LAB#terminal width 511
DEBUG:netmiko:In disable_paging
DEBUG:netmiko:Command: terminal length 0

DEBUG:netmiko:write_channel: b'terminal length 0\n'
DEBUG:netmiko:read_channel: 
DEBUG:netmiko:read_channel: terminal length 0
LAB#
DEBUG:netmiko:Pattern found: (terminal\ length\ 0) 
LAB#terminal length 0
DEBUG:netmiko:
LAB#terminal length 0
DEBUG:netmiko:Exiting disable_paging
DEBUG:netmiko:read_channel: 
DEBUG:netmiko:Clear buffer detects data in the channel
DEBUG:netmiko:read_channel: 
DEBUG:netmiko:write_channel: b'\n'
DEBUG:netmiko:read_channel: 
DEBUG:netmiko:read_channel: 
LAB#
DEBUG:netmiko:
Parenthesis found in pattern.

pattern: (\#|>)


This can be problemtic when used in read_until_pattern().

You should ensure that you use either non-capture groups i.e. '(?:' or that the
parenthesis completely wrap the pattern '(pattern)'
DEBUG:netmiko:Pattern found: (\#|>) 
LAB#
DEBUG:netmiko:read_channel: 
DEBUG:netmiko:[find_prompt()]: prompt is LAB#
DEBUG:netmiko:write_channel: b'\n'
DEBUG:netmiko:read_channel: 
DEBUG:netmiko:read_channel: 
LAB#
DEBUG:netmiko:Pattern found: (LAB.*) 
LAB#
DEBUG:netmiko:write_channel: b'\n'
DEBUG:netmiko:read_channel: 
DEBUG:netmiko:read_channel: 
LAB#
DEBUG:netmiko:Pattern found: ([>#]) 
LAB#
DEBUG:netmiko:write_channel: b'\n'
DEBUG:netmiko:read_channel: 
DEBUG:netmiko:read_channel: 
LAB#
DEBUG:netmiko:Pattern found: ([>#]) 
LAB#
DEBUG:netmiko:write_channel: b'exit\n'
DEBUG:paramiko.transport:EOF in transport thread
2024-05-25 23:15:42.276475 : admin connected to 192.168.1.2
INFO:django.utils.autoreload:C:\Users\MCM20\PycharmProjects\Network_Management_Tool_App\nmt\views.py changed, reloading.
DEBUG:paramiko.transport:starting thread (client mode): 0xad48ed50
DEBUG:paramiko.transport:Local version/idstring: SSH-2.0-paramiko_3.4.0
DEBUG:paramiko.transport:Remote version/idstring: SSH-1.99-Cisco-1.25
INFO:paramiko.transport:Connected (version 1.99, client Cisco-1.25)
DEBUG:paramiko.transport:=== Key exchange possibilities ===
DEBUG:paramiko.transport:kex algos: diffie-hellman-group-exchange-sha1, diffie-hellman-group14-sha1
DEBUG:paramiko.transport:server key: ssh-rsa
DEBUG:paramiko.transport:client encrypt: aes128-ctr, aes192-ctr, aes256-ctr
DEBUG:paramiko.transport:server encrypt: aes128-ctr, aes192-ctr, aes256-ctr
DEBUG:paramiko.transport:client mac: hmac-sha2-256, hmac-sha2-512, hmac-sha1, hmac-sha1-96
DEBUG:paramiko.transport:server mac: hmac-sha2-256, hmac-sha2-512, hmac-sha1, hmac-sha1-96
DEBUG:paramiko.transport:client compress: none
DEBUG:paramiko.transport:server compress: none
DEBUG:paramiko.transport:client lang: <none>
DEBUG:paramiko.transport:server lang: <none>
DEBUG:paramiko.transport:kex follows: False
DEBUG:paramiko.transport:=== Key exchange agreements ===
DEBUG:paramiko.transport:Kex: diffie-hellman-group-exchange-sha1
DEBUG:paramiko.transport:HostKey: ssh-rsa
DEBUG:paramiko.transport:Cipher: aes128-ctr
DEBUG:paramiko.transport:MAC: hmac-sha2-256
DEBUG:paramiko.transport:Compression: none
DEBUG:paramiko.transport:=== End of kex handshake ===
DEBUG:paramiko.transport:Got server p (2048 bits)
DEBUG:paramiko.transport:kex engine KexGex specified hash_algo <built-in function openssl_sha1>
DEBUG:paramiko.transport:Switch to new keys ...
DEBUG:paramiko.transport:Adding ssh-rsa host key for 192.168.1.2: b'dca6887a3ebdd9904e6ff68205357727'
DEBUG:paramiko.transport:userauth is OK
INFO:paramiko.transport:Authentication (password) successful!
DEBUG:paramiko.transport:[chan 0] Max packet in: 32768 bytes
DEBUG:paramiko.transport:[chan 0] Max packet out: 4096 bytes
DEBUG:paramiko.transport:Secsh channel 0 opened.
DEBUG:paramiko.transport:[chan 0] Sesch channel 0 request ok
DEBUG:paramiko.transport:[chan 0] Sesch channel 0 request ok
DEBUG:netmiko:write_channel: b'\n'
DEBUG:netmiko:write_channel: b'terminal width 511\n'
DEBUG:netmiko:read_channel: 
LAB#
LAB#
DEBUG:netmiko:read_channel: terminal width 511
LAB#
DEBUG:netmiko:Pattern found: (terminal width 511) 
LAB#
LAB#terminal width 511
DEBUG:netmiko:In disable_paging
DEBUG:netmiko:Command: terminal length 0

DEBUG:netmiko:write_channel: b'terminal length 0\n'
DEBUG:netmiko:read_channel: 
DEBUG:netmiko:read_channel: terminal length 
DEBUG:netmiko:read_channel: 0
LAB#
DEBUG:netmiko:Pattern found: (terminal\ length\ 0) 
LAB#terminal length 0
DEBUG:netmiko:
LAB#terminal length 0
DEBUG:netmiko:Exiting disable_paging
DEBUG:netmiko:read_channel: 
DEBUG:netmiko:Clear buffer detects data in the channel
DEBUG:netmiko:read_channel: 
DEBUG:netmiko:write_channel: b'\n'
DEBUG:netmiko:read_channel: 
DEBUG:netmiko:read_channel: 
LAB#
DEBUG:netmiko:
Parenthesis found in pattern.

pattern: (\#|>)


This can be problemtic when used in read_until_pattern().

You should ensure that you use either non-capture groups i.e. '(?:' or that the
parenthesis completely wrap the pattern '(pattern)'
DEBUG:netmiko:Pattern found: (\#|>) 
LAB#
DEBUG:netmiko:read_channel: 
DEBUG:netmiko:[find_prompt()]: prompt is LAB#
DEBUG:netmiko:write_channel: b'\n'
DEBUG:netmiko:read_channel: 
DEBUG:netmiko:read_channel: 
LAB#
DEBUG:netmiko:Pattern found: (LAB.*) 
LAB#
DEBUG:netmiko:write_channel: b'\n'
DEBUG:netmiko:read_channel: 
DEBUG:netmiko:read_channel: 
LAB#
DEBUG:netmiko:Pattern found: ([>#]) 
LAB#
DEBUG:netmiko:write_channel: b'\n'
DEBUG:netmiko:read_channel: 
DEBUG:netmiko:read_channel: 
LAB#
DEBUG:netmiko:Pattern found: ([>#]) 
LAB#
DEBUG:netmiko:write_channel: b'exit\n'
DEBUG:paramiko.transport:EOF in transport thread
2024-05-25 23:19:31.150259 : admin connected to 192.168.1.2
DEBUG:paramiko.transport:starting thread (client mode): 0xad48dc70
DEBUG:paramiko.transport:Local version/idstring: SSH-2.0-paramiko_3.4.0
DEBUG:paramiko.transport:Remote version/idstring: SSH-1.99-Cisco-1.25
INFO:paramiko.transport:Connected (version 1.99, client Cisco-1.25)
DEBUG:paramiko.transport:=== Key exchange possibilities ===
DEBUG:paramiko.transport:kex algos: diffie-hellman-group-exchange-sha1, diffie-hellman-group14-sha1
DEBUG:paramiko.transport:server key: ssh-rsa
DEBUG:paramiko.transport:client encrypt: aes128-ctr, aes192-ctr, aes256-ctr
DEBUG:paramiko.transport:server encrypt: aes128-ctr, aes192-ctr, aes256-ctr
DEBUG:paramiko.transport:client mac: hmac-sha2-256, hmac-sha2-512, hmac-sha1, hmac-sha1-96
DEBUG:paramiko.transport:server mac: hmac-sha2-256, hmac-sha2-512, hmac-sha1, hmac-sha1-96
DEBUG:paramiko.transport:client compress: none
DEBUG:paramiko.transport:server compress: none
DEBUG:paramiko.transport:client lang: <none>
DEBUG:paramiko.transport:server lang: <none>
DEBUG:paramiko.transport:kex follows: False
DEBUG:paramiko.transport:=== Key exchange agreements ===
DEBUG:paramiko.transport:Kex: diffie-hellman-group-exchange-sha1
DEBUG:paramiko.transport:HostKey: ssh-rsa
DEBUG:paramiko.transport:Cipher: aes128-ctr
DEBUG:paramiko.transport:MAC: hmac-sha2-256
DEBUG:paramiko.transport:Compression: none
DEBUG:paramiko.transport:=== End of kex handshake ===
DEBUG:paramiko.transport:Got server p (2048 bits)
DEBUG:paramiko.transport:kex engine KexGex specified hash_algo <built-in function openssl_sha1>
DEBUG:paramiko.transport:Switch to new keys ...
DEBUG:paramiko.transport:Adding ssh-rsa host key for 192.168.1.2: b'dca6887a3ebdd9904e6ff68205357727'
DEBUG:paramiko.transport:userauth is OK
INFO:paramiko.transport:Authentication (password) successful!
DEBUG:paramiko.transport:[chan 0] Max packet in: 32768 bytes
DEBUG:paramiko.transport:[chan 0] Max packet out: 4096 bytes
DEBUG:paramiko.transport:Secsh channel 0 opened.
DEBUG:paramiko.transport:[chan 0] Sesch channel 0 request ok
DEBUG:paramiko.transport:[chan 0] Sesch channel 0 request ok
DEBUG:netmiko:write_channel: b'\n'
DEBUG:netmiko:write_channel: b'terminal width 511\n'
DEBUG:netmiko:read_channel: 
LAB#
LAB#
DEBUG:netmiko:read_channel: terminal width 511
LAB#
DEBUG:netmiko:Pattern found: (terminal width 511) 
LAB#
LAB#terminal width 511
DEBUG:netmiko:In disable_paging
DEBUG:netmiko:Command: terminal length 0

DEBUG:netmiko:write_channel: b'terminal length 0\n'
DEBUG:netmiko:read_channel: 
DEBUG:netmiko:read_channel: ter
DEBUG:netmiko:read_channel: minal length 0
LAB#
DEBUG:netmiko:Pattern found: (terminal\ length\ 0) 
LAB#terminal length 0
DEBUG:netmiko:
LAB#terminal length 0
DEBUG:netmiko:Exiting disable_paging
DEBUG:netmiko:read_channel: 
DEBUG:netmiko:Clear buffer detects data in the channel
DEBUG:netmiko:read_channel: 
DEBUG:netmiko:write_channel: b'\n'
DEBUG:netmiko:read_channel: 
DEBUG:netmiko:read_channel: 
LAB#
DEBUG:netmiko:
Parenthesis found in pattern.

pattern: (\#|>)


This can be problemtic when used in read_until_pattern().

You should ensure that you use either non-capture groups i.e. '(?:' or that the
parenthesis completely wrap the pattern '(pattern)'
DEBUG:netmiko:Pattern found: (\#|>) 
LAB#
DEBUG:netmiko:read_channel: 
DEBUG:netmiko:[find_prompt()]: prompt is LAB#
DEBUG:netmiko:write_channel: b'\n'
DEBUG:netmiko:read_channel: 
DEBUG:netmiko:read_channel: 
LAB#
DEBUG:netmiko:Pattern found: (LAB.*) 
LAB#
DEBUG:netmiko:write_channel: b'\n'
DEBUG:netmiko:read_channel: 
DEBUG:netmiko:read_channel: 
LAB#
DEBUG:netmiko:Pattern found: ([>#]) 
LAB#
DEBUG:netmiko:write_channel: b'\n'
DEBUG:netmiko:read_channel: 
DEBUG:netmiko:read_channel: 
LAB#
DEBUG:netmiko:Pattern found: ([>#]) 
LAB#
DEBUG:netmiko:write_channel: b'exit\n'
DEBUG:paramiko.transport:EOF in transport thread
2024-05-25 23:39:21.847923 : admin connected to 192.168.1.2
WARNING:django.request:Not Found: /Floors/static/images/bg.png
WARNING:django.request:Not Found: /Locals/1/static/images/bg.png
WARNING:django.request:Not Found: /Switches/1/1/static/images/bg.png
WARNING:django.request:Not Found: /Switches/1/1/static/images/bg.png
WARNING:django.request:Not Found: /Switches/1/1/static/images/bg.png
WARNING:django.request:Not Found: /Switches/1/1/static/images/bg.png
DEBUG:paramiko.transport:starting thread (client mode): 0xc355ffb0
DEBUG:paramiko.transport:Local version/idstring: SSH-2.0-paramiko_3.4.0
DEBUG:paramiko.transport:Remote version/idstring: SSH-1.99-Cisco-1.25
INFO:paramiko.transport:Connected (version 1.99, client Cisco-1.25)
DEBUG:paramiko.transport:=== Key exchange possibilities ===
DEBUG:paramiko.transport:kex algos: diffie-hellman-group-exchange-sha1, diffie-hellman-group14-sha1
DEBUG:paramiko.transport:server key: ssh-rsa
DEBUG:paramiko.transport:client encrypt: aes128-ctr, aes192-ctr, aes256-ctr
DEBUG:paramiko.transport:server encrypt: aes128-ctr, aes192-ctr, aes256-ctr
DEBUG:paramiko.transport:client mac: hmac-sha2-256, hmac-sha2-512, hmac-sha1, hmac-sha1-96
DEBUG:paramiko.transport:server mac: hmac-sha2-256, hmac-sha2-512, hmac-sha1, hmac-sha1-96
DEBUG:paramiko.transport:client compress: none
DEBUG:paramiko.transport:server compress: none
DEBUG:paramiko.transport:client lang: <none>
DEBUG:paramiko.transport:server lang: <none>
DEBUG:paramiko.transport:kex follows: False
DEBUG:paramiko.transport:=== Key exchange agreements ===
DEBUG:paramiko.transport:Kex: diffie-hellman-group-exchange-sha1
DEBUG:paramiko.transport:HostKey: ssh-rsa
DEBUG:paramiko.transport:Cipher: aes128-ctr
DEBUG:paramiko.transport:MAC: hmac-sha2-256
DEBUG:paramiko.transport:Compression: none
DEBUG:paramiko.transport:=== End of kex handshake ===
DEBUG:paramiko.transport:Got server p (2048 bits)
DEBUG:paramiko.transport:kex engine KexGex specified hash_algo <built-in function openssl_sha1>
DEBUG:paramiko.transport:Switch to new keys ...
DEBUG:paramiko.transport:Adding ssh-rsa host key for 192.168.1.2: b'dca6887a3ebdd9904e6ff68205357727'
DEBUG:paramiko.transport:userauth is OK
INFO:paramiko.transport:Authentication (password) successful!
DEBUG:paramiko.transport:[chan 0] Max packet in: 32768 bytes
DEBUG:paramiko.transport:[chan 0] Max packet out: 4096 bytes
DEBUG:paramiko.transport:Secsh channel 0 opened.
DEBUG:paramiko.transport:[chan 0] Sesch channel 0 request ok
DEBUG:paramiko.transport:[chan 0] Sesch channel 0 request ok
DEBUG:netmiko:write_channel: b'\n'
DEBUG:netmiko:write_channel: b'terminal width 511\n'
DEBUG:netmiko:read_channel: 
LAB#
LAB#
DEBUG:netmiko:read_channel: terminal width 511
LAB#
DEBUG:netmiko:Pattern found: (terminal width 511) 
LAB#
LAB#terminal width 511
DEBUG:netmiko:In disable_paging
DEBUG:netmiko:Command: terminal length 0

DEBUG:netmiko:write_channel: b'terminal length 0\n'
DEBUG:netmiko:read_channel: 
DEBUG:netmiko:read_channel: terminal length
DEBUG:netmiko:read_channel:  0
LAB#
DEBUG:netmiko:Pattern found: (terminal\ length\ 0) 
LAB#terminal length 0
DEBUG:netmiko:
LAB#terminal length 0
DEBUG:netmiko:Exiting disable_paging
DEBUG:netmiko:read_channel: 
DEBUG:netmiko:Clear buffer detects data in the channel
DEBUG:netmiko:read_channel: 
DEBUG:netmiko:write_channel: b'\n'
DEBUG:netmiko:read_channel: 
DEBUG:netmiko:read_channel: 
LAB#
DEBUG:netmiko:
Parenthesis found in pattern.

pattern: (\#|>)


This can be problemtic when used in read_until_pattern().

You should ensure that you use either non-capture groups i.e. '(?:' or that the
parenthesis completely wrap the pattern '(pattern)'
DEBUG:netmiko:Pattern found: (\#|>) 
LAB#
DEBUG:netmiko:read_channel: 
DEBUG:netmiko:[find_prompt()]: prompt is LAB#
DEBUG:netmiko:write_channel: b'\n'
DEBUG:netmiko:read_channel: 
DEBUG:netmiko:read_channel: 
LAB#
DEBUG:netmiko:Pattern found: (LAB.*) 
LAB#
DEBUG:netmiko:write_channel: b'\n'
DEBUG:netmiko:read_channel: 
DEBUG:netmiko:read_channel: 
LAB#
DEBUG:netmiko:Pattern found: ([>#]) 
LAB#
DEBUG:netmiko:write_channel: b'\n'
DEBUG:netmiko:read_channel: 
DEBUG:netmiko:read_channel: 
LAB#
DEBUG:netmiko:Pattern found: ([>#]) 
LAB#
DEBUG:netmiko:write_channel: b'exit\n'
DEBUG:paramiko.transport:EOF in transport thread
2024-05-25 23:48:44.641078 : admin connected to 192.168.1.2
DEBUG:paramiko.transport:starting thread (client mode): 0xcb420bc0
DEBUG:paramiko.transport:Local version/idstring: SSH-2.0-paramiko_3.4.0
DEBUG:paramiko.transport:Remote version/idstring: SSH-1.99-Cisco-1.25
INFO:paramiko.transport:Connected (version 1.99, client Cisco-1.25)
DEBUG:paramiko.transport:=== Key exchange possibilities ===
DEBUG:paramiko.transport:kex algos: diffie-hellman-group-exchange-sha1, diffie-hellman-group14-sha1
DEBUG:paramiko.transport:server key: ssh-rsa
DEBUG:paramiko.transport:client encrypt: aes128-ctr, aes192-ctr, aes256-ctr
DEBUG:paramiko.transport:server encrypt: aes128-ctr, aes192-ctr, aes256-ctr
DEBUG:paramiko.transport:client mac: hmac-sha2-256, hmac-sha2-512, hmac-sha1, hmac-sha1-96
DEBUG:paramiko.transport:server mac: hmac-sha2-256, hmac-sha2-512, hmac-sha1, hmac-sha1-96
DEBUG:paramiko.transport:client compress: none
DEBUG:paramiko.transport:server compress: none
DEBUG:paramiko.transport:client lang: <none>
DEBUG:paramiko.transport:server lang: <none>
DEBUG:paramiko.transport:kex follows: False
DEBUG:paramiko.transport:=== Key exchange agreements ===
DEBUG:paramiko.transport:Kex: diffie-hellman-group-exchange-sha1
DEBUG:paramiko.transport:HostKey: ssh-rsa
DEBUG:paramiko.transport:Cipher: aes128-ctr
DEBUG:paramiko.transport:MAC: hmac-sha2-256
DEBUG:paramiko.transport:Compression: none
DEBUG:paramiko.transport:=== End of kex handshake ===
DEBUG:paramiko.transport:Got server p (2048 bits)
DEBUG:paramiko.transport:kex engine KexGex specified hash_algo <built-in function openssl_sha1>
DEBUG:paramiko.transport:Switch to new keys ...
DEBUG:paramiko.transport:Adding ssh-rsa host key for 192.168.1.2: b'dca6887a3ebdd9904e6ff68205357727'
DEBUG:paramiko.transport:userauth is OK
INFO:paramiko.transport:Authentication (password) successful!
DEBUG:paramiko.transport:[chan 0] Max packet in: 32768 bytes
DEBUG:paramiko.transport:[chan 0] Max packet out: 4096 bytes
DEBUG:paramiko.transport:Secsh channel 0 opened.
DEBUG:paramiko.transport:[chan 0] Sesch channel 0 request ok
DEBUG:paramiko.transport:[chan 0] Sesch channel 0 request ok
DEBUG:netmiko:write_channel: b'\n'
DEBUG:netmiko:write_channel: b'terminal width 511\n'
DEBUG:netmiko:read_channel: 
LAB#
LAB#
DEBUG:netmiko:read_channel: terminal width 511
LAB#
DEBUG:netmiko:Pattern found: (terminal width 511) 
LAB#
LAB#terminal width 511
DEBUG:netmiko:In disable_paging
DEBUG:netmiko:Command: terminal length 0

DEBUG:netmiko:write_channel: b'terminal length 0\n'
DEBUG:netmiko:read_channel: 
DEBUG:netmiko:read_channel: terminal length 0
LAB#
DEBUG:netmiko:Pattern found: (terminal\ length\ 0) 
LAB#terminal length 0
DEBUG:netmiko:
LAB#terminal length 0
DEBUG:netmiko:Exiting disable_paging
DEBUG:netmiko:read_channel: 
DEBUG:netmiko:Clear buffer detects data in the channel
DEBUG:netmiko:read_channel: 
DEBUG:netmiko:write_channel: b'\n'
DEBUG:netmiko:read_channel: 
DEBUG:netmiko:read_channel: 
LAB#
DEBUG:netmiko:
Parenthesis found in pattern.

pattern: (\#|>)


This can be problemtic when used in read_until_pattern().

You should ensure that you use either non-capture groups i.e. '(?:' or that the
parenthesis completely wrap the pattern '(pattern)'
DEBUG:netmiko:Pattern found: (\#|>) 
LAB#
DEBUG:netmiko:read_channel: 
DEBUG:netmiko:[find_prompt()]: prompt is LAB#
DEBUG:netmiko:write_channel: b'\n'
DEBUG:netmiko:read_channel: 
DEBUG:netmiko:read_channel: 
LAB#
DEBUG:netmiko:Pattern found: (LAB.*) 
LAB#
DEBUG:netmiko:write_channel: b'\n'
DEBUG:netmiko:read_channel: 
DEBUG:netmiko:read_channel: 
LAB#
DEBUG:netmiko:Pattern found: ([>#]) 
LAB#
DEBUG:netmiko:write_channel: b'\n'
DEBUG:netmiko:read_channel: 
DEBUG:netmiko:read_channel: 
LAB#
DEBUG:netmiko:Pattern found: ([>#]) 
LAB#
DEBUG:netmiko:write_channel: b'exit\n'
DEBUG:paramiko.transport:EOF in transport thread
2024-05-25 23:59:28.116713 : admin connected to 192.168.1.2
INFO:django.utils.autoreload:C:\Users\MCM20\PycharmProjects\Network_Management_Tool_App\nmt\functions.py changed, reloading.
